{"numTotalTestSuites":19,"numPassedTestSuites":19,"numFailedTestSuites":0,"numPendingTestSuites":0,"numTotalTests":26,"numPassedTests":26,"numFailedTests":0,"numPendingTests":0,"numTodoTests":0,"snapshot":{"added":0,"failure":false,"filesAdded":0,"filesRemoved":0,"filesRemovedList":[],"filesUnmatched":0,"filesUpdated":0,"matched":0,"total":0,"unchecked":0,"uncheckedKeysByFile":[],"unmatched":0,"updated":0,"didUpdate":false},"startTime":1757442212814,"success":true,"testResults":[{"assertionResults":[{"ancestorTitles":["MiniScript Executor Unit Tests","Variable Assignment"],"fullName":"MiniScript Executor Unit Tests Variable Assignment should assign and retrieve variables","status":"passed","title":"should assign and retrieve variables","duration":2.2758280000000184,"failureMessages":[],"meta":{}},{"ancestorTitles":["MiniScript Executor Unit Tests","Variable Assignment"],"fullName":"MiniScript Executor Unit Tests Variable Assignment should handle string variables","status":"passed","title":"should handle string variables","duration":0.3770419999999888,"failureMessages":[],"meta":{}},{"ancestorTitles":["MiniScript Executor Unit Tests","Variable Assignment"],"fullName":"MiniScript Executor Unit Tests Variable Assignment should handle boolean variables","status":"passed","title":"should handle boolean variables","duration":0.23887399999998138,"failureMessages":[],"meta":{}},{"ancestorTitles":["MiniScript Executor Unit Tests","Arithmetic Operations"],"fullName":"MiniScript Executor Unit Tests Arithmetic Operations should perform addition","status":"passed","title":"should perform addition","duration":0.4483419999999967,"failureMessages":[],"meta":{}},{"ancestorTitles":["MiniScript Executor Unit Tests","Arithmetic Operations"],"fullName":"MiniScript Executor Unit Tests Arithmetic Operations should perform multiplication","status":"passed","title":"should perform multiplication","duration":0.3447400000000016,"failureMessages":[],"meta":{}},{"ancestorTitles":["MiniScript Executor Unit Tests","Arithmetic Operations"],"fullName":"MiniScript Executor Unit Tests Arithmetic Operations should perform complex expressions","status":"passed","title":"should perform complex expressions","duration":0.33114100000000235,"failureMessages":[],"meta":{}},{"ancestorTitles":["MiniScript Executor Unit Tests","Object Operations"],"fullName":"MiniScript Executor Unit Tests Object Operations should create and access object properties","status":"passed","title":"should create and access object properties","duration":0.6054609999999911,"failureMessages":[],"meta":{}},{"ancestorTitles":["MiniScript Executor Unit Tests","Object Operations"],"fullName":"MiniScript Executor Unit Tests Object Operations should modify object properties","status":"passed","title":"should modify object properties","duration":0.31969600000002174,"failureMessages":[],"meta":{}},{"ancestorTitles":["MiniScript Executor Unit Tests","Object Operations"],"fullName":"MiniScript Executor Unit Tests Object Operations should handle nested objects","status":"passed","title":"should handle nested objects","duration":0.4178279999999859,"failureMessages":[],"meta":{}},{"ancestorTitles":["MiniScript Executor Unit Tests","Array Operations"],"fullName":"MiniScript Executor Unit Tests Array Operations should create and access arrays","status":"passed","title":"should create and access arrays","duration":0.4933059999999898,"failureMessages":[],"meta":{}},{"ancestorTitles":["MiniScript Executor Unit Tests","Array Operations"],"fullName":"MiniScript Executor Unit Tests Array Operations should handle mixed data types in arrays","status":"passed","title":"should handle mixed data types in arrays","duration":0.264977000000016,"failureMessages":[],"meta":{}},{"ancestorTitles":["MiniScript Executor Unit Tests","Function Operations"],"fullName":"MiniScript Executor Unit Tests Function Operations should create and call functions","status":"passed","title":"should create and call functions","duration":0.6805219999999963,"failureMessages":[],"meta":{}},{"ancestorTitles":["MiniScript Executor Unit Tests","Function Operations"],"fullName":"MiniScript Executor Unit Tests Function Operations should handle functions with objects","status":"passed","title":"should handle functions with objects","duration":0.28208799999998746,"failureMessages":[],"meta":{}},{"ancestorTitles":["MiniScript Executor Unit Tests","Control Flow"],"fullName":"MiniScript Executor Unit Tests Control Flow should handle if statements","status":"passed","title":"should handle if statements","duration":0.503815000000003,"failureMessages":[],"meta":{}},{"ancestorTitles":["MiniScript Executor Unit Tests","Control Flow"],"fullName":"MiniScript Executor Unit Tests Control Flow should handle while loops","status":"passed","title":"should handle while loops","duration":0.31464100000002304,"failureMessages":[],"meta":{}},{"ancestorTitles":["MiniScript Executor Unit Tests","String Operations"],"fullName":"MiniScript Executor Unit Tests String Operations should concatenate strings","status":"passed","title":"should concatenate strings","duration":0.13157799999999042,"failureMessages":[],"meta":{}},{"ancestorTitles":["MiniScript Executor Unit Tests","String Operations"],"fullName":"MiniScript Executor Unit Tests String Operations should concatenate strings with numbers","status":"passed","title":"should concatenate strings with numbers","duration":0.08973899999998025,"failureMessages":[],"meta":{}}],"startTime":1757442213045,"endTime":1757442213053.3147,"status":"passed","message":"","name":"/home/fmdm/dev/test-miniscript/tests/executor.test.ts"},{"assertionResults":[{"ancestorTitles":["MiniScript Executor","Basic Operations"],"fullName":"MiniScript Executor Basic Operations should handle basic arithmetic and variables","status":"passed","title":"should handle basic arithmetic and variables","duration":3.4944790000000125,"failureMessages":[],"meta":{}},{"ancestorTitles":["MiniScript Executor","Functions"],"fullName":"MiniScript Executor Functions should handle function definitions and calls","status":"passed","title":"should handle function definitions and calls","duration":1.4150009999999895,"failureMessages":[],"meta":{}},{"ancestorTitles":["MiniScript Executor","Objects"],"fullName":"MiniScript Executor Objects should handle object creation and property access","status":"passed","title":"should handle object creation and property access","duration":0.9238129999999956,"failureMessages":[],"meta":{}},{"ancestorTitles":["MiniScript Executor","Arrays"],"fullName":"MiniScript Executor Arrays should handle array creation and access","status":"passed","title":"should handle array creation and access","duration":0.7600189999999998,"failureMessages":[],"meta":{}},{"ancestorTitles":["MiniScript Executor","Control Flow"],"fullName":"MiniScript Executor Control Flow should handle if statements and loops","status":"passed","title":"should handle if statements and loops","duration":1.2271069999999895,"failureMessages":[],"meta":{}},{"ancestorTitles":["MiniScript Executor","Error Handling"],"fullName":"MiniScript Executor Error Handling should handle undefined variables gracefully","status":"passed","title":"should handle undefined variables gracefully","duration":0.415504999999996,"failureMessages":[],"meta":{}},{"ancestorTitles":["MiniScript Executor","Performance"],"fullName":"MiniScript Executor Performance should execute basic operations quickly","status":"passed","title":"should execute basic operations quickly","duration":0.24236600000000408,"failureMessages":[],"meta":{}},{"ancestorTitles":["MiniScript Executor","Performance"],"fullName":"MiniScript Executor Performance should execute complex operations in reasonable time","status":"passed","title":"should execute complex operations in reasonable time","duration":0.3869460000000231,"failureMessages":[],"meta":{}},{"ancestorTitles":["MiniScript Executor","Integration Tests"],"fullName":"MiniScript Executor Integration Tests should handle all features together","status":"passed","title":"should handle all features together","duration":0.981806000000006,"failureMessages":[],"meta":{}}],"startTime":1757442213040,"endTime":1757442213049.9817,"status":"passed","message":"","name":"/home/fmdm/dev/test-miniscript/tests/miniscript.test.ts"}]}